<?xml version="1.0" encoding="UTF-8"?>
<!-- Generated by org.testng.reporters.JUnitReportReporter -->
<testsuite skipped="0" hostname="DESKTOP-7D1OLRH" name="com.training.sanity.tests.RTTC_006" tests="1" failures="0" timestamp="18 Jun 2019 16:21:13 GMT" time="24.744" errors="0">
  <testcase name="changePasswordTest" time="24.744" classname="com.training.sanity.tests.RTTC_006"/>
</testsuite> <!-- com.training.sanity.tests.RTTC_006 -->
